["2026-05-14T02:08:55.491", "DEBUG", "ubuntupro.config", "parse_config", 518, "Using client configuration file at /etc/ubuntu-advantage/uaclient.conf", {}]
["2026-05-14T02:08:55.491", "DEBUG", "ubuntupro.system", "load_file", 583, "Reading file: /etc/ubuntu-advantage/uaclient.conf", {}]
["2026-05-14T02:08:55.492", "DEBUG", "ubuntupro.files.files", "read", 58, "Tried to load /var/lib/ubuntu-advantage/user-config.json but file does not exist", {}]
["2026-05-14T02:08:55.493", "DEBUG", "ubuntupro.http", "configure_web_proxy", 149, "Setting no_proxy: 169.254.169.254,[fd00:ec2::254],metadata", {}]
["2026-05-14T02:08:55.493", "DEBUG", "ubuntupro.http", "configure_web_proxy", 157, "Setting global proxy dict", {}]
["2026-05-14T02:08:55.493", "DEBUG", "ubuntupro.cli", "main", 287, "Executed with sys.argv: ['/usr/bin/pro', 'api', 'u.pro.status.is_attached.v1']", {}]
["2026-05-14T02:08:55.493", "DEBUG", "ubuntupro.files.files", "read", 58, "Tried to load /var/lib/ubuntu-advantage/machine-token.json but file does not exist", {}]
["2026-05-14T02:08:55.493", "DEBUG", "ubuntupro.files.files", "read", 58, "Tried to load /var/lib/ubuntu-advantage/machine-token.json but file does not exist", {}]
["2026-05-14T02:14:44.722", "DEBUG", "ubuntupro.config", "parse_config", 518, "Using client configuration file at /etc/ubuntu-advantage/uaclient.conf", {}]
["2026-05-14T02:14:44.723", "DEBUG", "ubuntupro.system", "load_file", 583, "Reading file: /etc/ubuntu-advantage/uaclient.conf", {}]
["2026-05-14T02:14:44.723", "DEBUG", "ubuntupro.files.files", "read", 58, "Tried to load /var/lib/ubuntu-advantage/user-config.json but file does not exist", {}]
["2026-05-14T02:14:44.724", "DEBUG", "ubuntupro.http", "configure_web_proxy", 149, "Setting no_proxy: 169.254.169.254,[fd00:ec2::254],metadata", {}]
["2026-05-14T02:14:44.724", "DEBUG", "ubuntupro.http", "configure_web_proxy", 157, "Setting global proxy dict", {}]
["2026-05-14T02:14:44.724", "DEBUG", "ubuntupro.cli", "main", 287, "Executed with sys.argv: ['/usr/bin/pro', 'api', 'u.pro.status.is_attached.v1']", {}]
["2026-05-14T02:14:44.725", "DEBUG", "ubuntupro.files.files", "read", 58, "Tried to load /var/lib/ubuntu-advantage/machine-token.json but file does not exist", {}]
["2026-05-14T02:14:44.725", "DEBUG", "ubuntupro.files.files", "read", 58, "Tried to load /var/lib/ubuntu-advantage/machine-token.json but file does not exist", {}]
["2026-05-14T02:25:44.761", "DEBUG", "ubuntupro.config", "parse_config", 518, "Using client configuration file at /etc/ubuntu-advantage/uaclient.conf", {}]
["2026-05-14T02:25:44.762", "DEBUG", "ubuntupro.system", "load_file", 583, "Reading file: /etc/ubuntu-advantage/uaclient.conf", {}]
["2026-05-14T02:25:44.762", "DEBUG", "ubuntupro.files.files", "read", 58, "Tried to load /var/lib/ubuntu-advantage/user-config.json but file does not exist", {}]
["2026-05-14T02:25:44.764", "DEBUG", "ubuntupro.http", "configure_web_proxy", 149, "Setting no_proxy: 169.254.169.254,[fd00:ec2::254],metadata", {}]
["2026-05-14T02:25:44.764", "DEBUG", "ubuntupro.http", "configure_web_proxy", 157, "Setting global proxy dict", {}]
["2026-05-14T02:25:44.764", "DEBUG", "ubuntupro.cli", "main", 287, "Executed with sys.argv: ['/usr/bin/pro', 'api', 'u.pro.status.is_attached.v1']", {}]
["2026-05-14T02:25:44.764", "DEBUG", "ubuntupro.files.files", "read", 58, "Tried to load /var/lib/ubuntu-advantage/machine-token.json but file does not exist", {}]
["2026-05-14T02:25:44.764", "DEBUG", "ubuntupro.files.files", "read", 58, "Tried to load /var/lib/ubuntu-advantage/machine-token.json but file does not exist", {}]
["2026-05-15T22:32:47.732", "DEBUG", "ubuntupro.config", "parse_config", 518, "Using client configuration file at /etc/ubuntu-advantage/uaclient.conf", {}]
["2026-05-15T22:32:47.734", "DEBUG", "ubuntupro.system", "load_file", 583, "Reading file: /etc/ubuntu-advantage/uaclient.conf", {}]
["2026-05-15T22:32:47.734", "DEBUG", "ubuntupro.files.files", "read", 58, "Tried to load /var/lib/ubuntu-advantage/user-config.json but file does not exist", {}]
["2026-05-15T22:32:47.736", "DEBUG", "ubuntupro.http", "configure_web_proxy", 149, "Setting no_proxy: 169.254.169.254,[fd00:ec2::254],metadata", {}]
["2026-05-15T22:32:47.736", "DEBUG", "ubuntupro.http", "configure_web_proxy", 157, "Setting global proxy dict", {}]
["2026-05-15T22:32:47.736", "DEBUG", "ubuntupro.cli", "main", 287, "Executed with sys.argv: ['/usr/bin/pro', 'api', 'u.pro.status.is_attached.v1']", {}]
["2026-05-15T22:32:47.736", "DEBUG", "ubuntupro.files.files", "read", 58, "Tried to load /var/lib/ubuntu-advantage/machine-token.json but file does not exist", {}]
["2026-05-15T22:32:47.736", "DEBUG", "ubuntupro.files.files", "read", 58, "Tried to load /var/lib/ubuntu-advantage/machine-token.json but file does not exist", {}]
["2026-05-18T01:31:01.312", "DEBUG", "ubuntupro.config", "parse_config", 518, "Using client configuration file at /etc/ubuntu-advantage/uaclient.conf", {}]
["2026-05-18T01:31:01.313", "DEBUG", "ubuntupro.system", "load_file", 583, "Reading file: /etc/ubuntu-advantage/uaclient.conf", {}]
["2026-05-18T01:31:01.313", "DEBUG", "ubuntupro.files.files", "read", 58, "Tried to load /var/lib/ubuntu-advantage/user-config.json but file does not exist", {}]
["2026-05-18T01:31:01.314", "DEBUG", "ubuntupro.http", "configure_web_proxy", 149, "Setting no_proxy: 169.254.169.254,[fd00:ec2::254],metadata", {}]
["2026-05-18T01:31:01.315", "DEBUG", "ubuntupro.http", "configure_web_proxy", 157, "Setting global proxy dict", {}]
["2026-05-18T01:31:01.315", "DEBUG", "ubuntupro.cli", "main", 287, "Executed with sys.argv: ['/usr/bin/pro', 'api', 'u.pro.status.is_attached.v1']", {}]
["2026-05-18T01:31:01.315", "DEBUG", "ubuntupro.files.files", "read", 58, "Tried to load /var/lib/ubuntu-advantage/machine-token.json but file does not exist", {}]
["2026-05-18T01:31:01.315", "DEBUG", "ubuntupro.files.files", "read", 58, "Tried to load /var/lib/ubuntu-advantage/machine-token.json but file does not exist", {}]
